<?xml version="1.0" encoding="UTF-8"?>
<testng-results ignored="0" total="1" passed="1" failed="0" skipped="0">
  <reporter-output>
  </reporter-output>
  <suite started-at="2022-08-17T14:36:55 IST" name="Default suite" finished-at="2022-08-17T14:37:24 IST" duration-ms="28964">
    <groups>
    </groups>
    <test started-at="2022-08-17T14:36:55 IST" name="Default test" finished-at="2022-08-17T14:37:24 IST" duration-ms="28964">
      <class name="appium.appium.LongPress">
        <test-method signature="Press()[pri:0, instance:appium.appium.LongPress@76c3e77a]" started-at="2022-08-17T14:36:55 IST" name="Press" finished-at="2022-08-17T14:37:24 IST" duration-ms="28896" status="PASS">
          <reporter-output>
          </reporter-output>
        </test-method> <!-- Press -->
      </class> <!-- appium.appium.LongPress -->
    </test> <!-- Default test -->
  </suite> <!-- Default suite -->
</testng-results>
