<?xml version="1.0" encoding="UTF-8"?>
<testng-results ignored="0" total="1" passed="1" failed="0" skipped="0">
  <reporter-output>
  </reporter-output>
  <suite started-at="2022-08-17T10:18:54 IST" name="Default suite" finished-at="2022-08-17T10:19:20 IST" duration-ms="25458">
    <groups>
    </groups>
    <test started-at="2022-08-17T10:18:54 IST" name="Default test" finished-at="2022-08-17T10:19:20 IST" duration-ms="25458">
      <class name="appium.appium.AppiumBasics">
        <test-method signature="AppiumTest()[pri:0, instance:appium.appium.AppiumBasics@6d4e5011]" started-at="2022-08-17T10:18:54 IST" name="AppiumTest" finished-at="2022-08-17T10:19:20 IST" duration-ms="25385" status="PASS">
          <reporter-output>
          </reporter-output>
        </test-method> <!-- AppiumTest -->
      </class> <!-- appium.appium.AppiumBasics -->
    </test> <!-- Default test -->
  </suite> <!-- Default suite -->
</testng-results>
